[debug] [2024-05-09T18:31:01.202Z] ----------------------------------------------------------------------
[debug] [2024-05-09T18:31:01.204Z] Command:       /home/gitpod/.nvm/versions/node/v20.12.2/bin/node /home/gitpod/.nvm/versions/node/v20.12.2/bin/firebase init hosting
[debug] [2024-05-09T18:31:01.204Z] CLI Version:   13.8.1
[debug] [2024-05-09T18:31:01.204Z] Platform:      linux
[debug] [2024-05-09T18:31:01.204Z] Node Version:  v20.12.2
[debug] [2024-05-09T18:31:01.205Z] Time:          Thu May 09 2024 18:31:01 GMT+0000 (Coordinated Universal Time)
[debug] [2024-05-09T18:31:01.205Z] ----------------------------------------------------------------------
[debug] 
[debug] [2024-05-09T18:31:01.207Z] >>> [apiv2][query] GET https://firebase-public.firebaseio.com/cli.json [none]
[debug] [2024-05-09T18:31:01.250Z] > command requires scopes: ["email","openid","https://www.googleapis.com/auth/cloudplatformprojects.readonly","https://www.googleapis.com/auth/firebase","https://www.googleapis.com/auth/cloud-platform"]
[debug] [2024-05-09T18:31:01.388Z] <<< [apiv2][status] GET https://firebase-public.firebaseio.com/cli.json 200
[debug] [2024-05-09T18:31:01.389Z] <<< [apiv2][body] GET https://firebase-public.firebaseio.com/cli.json {"cloudBuildErrorAfter":1594252800000,"cloudBuildWarnAfter":1590019200000,"defaultNode10After":1594252800000,"minVersion":"3.0.5","node8DeploysDisabledAfter":1613390400000,"node8RuntimeDisabledAfter":1615809600000,"node8WarnAfter":1600128000000}
[debug] [2024-05-09T18:31:37.571Z] ----------------------------------------------------------------------
[debug] [2024-05-09T18:31:37.573Z] Command:       /home/gitpod/.nvm/versions/node/v20.12.2/bin/node /home/gitpod/.nvm/versions/node/v20.12.2/bin/firebase init hosting
[debug] [2024-05-09T18:31:37.573Z] CLI Version:   13.8.1
[debug] [2024-05-09T18:31:37.573Z] Platform:      linux
[debug] [2024-05-09T18:31:37.573Z] Node Version:  v20.12.2
[debug] [2024-05-09T18:31:37.574Z] Time:          Thu May 09 2024 18:31:37 GMT+0000 (Coordinated Universal Time)
[debug] [2024-05-09T18:31:37.574Z] ----------------------------------------------------------------------
[debug] 
[debug] [2024-05-09T18:31:37.578Z] > command requires scopes: ["email","openid","https://www.googleapis.com/auth/cloudplatformprojects.readonly","https://www.googleapis.com/auth/firebase","https://www.googleapis.com/auth/cloud-platform"]
[debug] [2024-05-09T18:36:35.231Z] ----------------------------------------------------------------------
[debug] [2024-05-09T18:36:35.233Z] Command:       /home/gitpod/.nvm/versions/node/v20.12.2/bin/node /home/gitpod/.nvm/versions/node/v20.12.2/bin/firebase init hosting
[debug] [2024-05-09T18:36:35.233Z] CLI Version:   13.8.1
[debug] [2024-05-09T18:36:35.233Z] Platform:      linux
[debug] [2024-05-09T18:36:35.234Z] Node Version:  v20.12.2
[debug] [2024-05-09T18:36:35.234Z] Time:          Thu May 09 2024 18:36:35 GMT+0000 (Coordinated Universal Time)
[debug] [2024-05-09T18:36:35.234Z] ----------------------------------------------------------------------
[debug] 
[debug] [2024-05-09T18:36:35.238Z] > command requires scopes: ["email","openid","https://www.googleapis.com/auth/cloudplatformprojects.readonly","https://www.googleapis.com/auth/firebase","https://www.googleapis.com/auth/cloud-platform"]
[debug] [2024-05-09T18:37:33.533Z] ----------------------------------------------------------------------
[debug] [2024-05-09T18:37:33.535Z] Command:       /home/gitpod/.nvm/versions/node/v20.12.2/bin/node /home/gitpod/.nvm/versions/node/v20.12.2/bin/firebase init
[debug] [2024-05-09T18:37:33.535Z] CLI Version:   13.8.1
[debug] [2024-05-09T18:37:33.536Z] Platform:      linux
[debug] [2024-05-09T18:37:33.536Z] Node Version:  v20.12.2
[debug] [2024-05-09T18:37:33.536Z] Time:          Thu May 09 2024 18:37:33 GMT+0000 (Coordinated Universal Time)
[debug] [2024-05-09T18:37:33.536Z] ----------------------------------------------------------------------
[debug] 
[debug] [2024-05-09T18:37:33.541Z] > command requires scopes: ["email","openid","https://www.googleapis.com/auth/cloudplatformprojects.readonly","https://www.googleapis.com/auth/firebase","https://www.googleapis.com/auth/cloud-platform"]
